27-Feb-2024 15:33:36.906 INFO [main] org.apache.catalina.startup.VersionLoggerListener.log Server version name:   Apache Tomcat/8.5.99
27-Feb-2024 15:33:36.909 INFO [main] org.apache.catalina.startup.VersionLoggerListener.log Server built:          Feb 14 2024 22:52:13 UTC
27-Feb-2024 15:33:36.909 INFO [main] org.apache.catalina.startup.VersionLoggerListener.log Server version number: 8.5.99.0
27-Feb-2024 15:33:36.910 INFO [main] org.apache.catalina.startup.VersionLoggerListener.log OS Name:               Linux
27-Feb-2024 15:33:36.926 INFO [main] org.apache.catalina.startup.VersionLoggerListener.log OS Version:            5.15.0-92-generic
27-Feb-2024 15:33:36.927 INFO [main] org.apache.catalina.startup.VersionLoggerListener.log Architecture:          amd64
27-Feb-2024 15:33:36.928 INFO [main] org.apache.catalina.startup.VersionLoggerListener.log Java Home:             /usr/lib/jvm/java-11-openjdk-amd64
27-Feb-2024 15:33:36.928 INFO [main] org.apache.catalina.startup.VersionLoggerListener.log JVM Version:           11.0.21+9-post-Ubuntu-0ubuntu120.04
27-Feb-2024 15:33:36.928 INFO [main] org.apache.catalina.startup.VersionLoggerListener.log JVM Vendor:            Ubuntu
27-Feb-2024 15:33:36.928 INFO [main] org.apache.catalina.startup.VersionLoggerListener.log CATALINA_BASE:         /home/admin1/IdeaProjects/Spring_MVC/Spring_Mvc_Java(Annotation)Based
27-Feb-2024 15:33:36.929 INFO [main] org.apache.catalina.startup.VersionLoggerListener.log CATALINA_HOME:         /home/admin1/Downloads/apache-tomcat-8.5.99
27-Feb-2024 15:33:36.929 INFO [main] org.apache.catalina.startup.VersionLoggerListener.log Command line argument: --add-opens=java.base/java.lang=ALL-UNNAMED
27-Feb-2024 15:33:36.930 INFO [main] org.apache.catalina.startup.VersionLoggerListener.log Command line argument: --add-opens=java.base/java.io=ALL-UNNAMED
27-Feb-2024 15:33:36.930 INFO [main] org.apache.catalina.startup.VersionLoggerListener.log Command line argument: --add-opens=java.base/java.util=ALL-UNNAMED
27-Feb-2024 15:33:36.930 INFO [main] org.apache.catalina.startup.VersionLoggerListener.log Command line argument: --add-opens=java.base/java.util.concurrent=ALL-UNNAMED
27-Feb-2024 15:33:36.931 INFO [main] org.apache.catalina.startup.VersionLoggerListener.log Command line argument: --add-opens=java.rmi/sun.rmi.transport=ALL-UNNAMED
27-Feb-2024 15:33:36.931 INFO [main] org.apache.catalina.startup.VersionLoggerListener.log Command line argument: -Dcatalina.home=/home/admin1/Downloads/apache-tomcat-8.5.99
27-Feb-2024 15:33:36.931 INFO [main] org.apache.catalina.startup.VersionLoggerListener.log Command line argument: -Dcatalina.base=/home/admin1/IdeaProjects/Spring_MVC/Spring_Mvc_Java(Annotation)Based
27-Feb-2024 15:33:36.931 INFO [main] org.apache.catalina.startup.VersionLoggerListener.log Command line argument: -Djava.io.tmpdir=/home/admin1/IdeaProjects/Spring_MVC/Spring_Mvc_Java(Annotation)Based/temp
27-Feb-2024 15:33:36.931 INFO [main] org.apache.catalina.startup.VersionLoggerListener.log Command line argument: -Djava.util.logging.config.file=/home/admin1/IdeaProjects/Spring_MVC/Spring_Mvc_Java(Annotation)Based/conf/logging.properties
27-Feb-2024 15:33:36.931 INFO [main] org.apache.catalina.startup.VersionLoggerListener.log Command line argument: -Djava.util.logging.manager=org.apache.juli.ClassLoaderLogManager
27-Feb-2024 15:33:36.931 INFO [main] org.apache.catalina.startup.VersionLoggerListener.log Command line argument: -javaagent:/snap/intellij-idea-community/483/lib/idea_rt.jar=37411:/snap/intellij-idea-community/483/bin
27-Feb-2024 15:33:36.932 INFO [main] org.apache.catalina.startup.VersionLoggerListener.log Command line argument: -Dfile.encoding=UTF-8
27-Feb-2024 15:33:36.932 INFO [main] org.apache.catalina.core.AprLifecycleListener.lifecycleEvent The Apache Tomcat Native library which allows using OpenSSL was not found on the java.library.path: [/usr/java/packages/lib:/usr/lib/x86_64-linux-gnu/jni:/lib/x86_64-linux-gnu:/usr/lib/x86_64-linux-gnu:/usr/lib/jni:/lib:/usr/lib]
27-Feb-2024 15:33:36.993 INFO [main] org.apache.coyote.AbstractProtocol.init Initializing ProtocolHandler ["http-nio-8089"]
27-Feb-2024 15:33:37.026 INFO [main] org.apache.catalina.startup.Catalina.load Initialization processed in 728 ms
27-Feb-2024 15:33:37.126 INFO [main] org.apache.catalina.core.StandardService.startInternal Starting service [Catalina]
27-Feb-2024 15:33:37.126 INFO [main] org.apache.catalina.core.StandardEngine.startInternal Starting Servlet engine: [Apache Tomcat/8.5.99]
27-Feb-2024 15:33:37.175 INFO [localhost-startStop-1] org.apache.catalina.startup.HostConfig.deployDescriptor Deploying deployment descriptor [/home/admin1/IdeaProjects/Spring_MVC/Spring_Mvc_Java(Annotation)Based/conf/Catalina/localhost/spring-mvc-project.xml]
27-Feb-2024 15:33:38.324 INFO [localhost-startStop-1] org.apache.jasper.servlet.TldScanner.scanJars At least one JAR was scanned for TLDs yet contained no TLDs. Enable debug logging for this logger for a complete list of JARs that were scanned but no TLDs were found in them. Skipping unneeded JARs during scanning can improve startup time and JSP compilation time.
27-Feb-2024 15:33:38.440 INFO [localhost-startStop-1] org.springframework.web.servlet.FrameworkServlet.initServletBean FrameworkServlet 'MyDs': initialization started
27-Feb-2024 15:33:38.474 INFO [localhost-startStop-1] org.springframework.context.support.AbstractApplicationContext.prepareRefresh Refreshing WebApplicationContext for namespace 'MyDs-servlet': startup date [Tue Feb 27 15:33:38 IST 2024]; root of context hierarchy
27-Feb-2024 15:33:38.560 INFO [localhost-startStop-1] org.springframework.web.context.support.AnnotationConfigWebApplicationContext.loadBeanDefinitions Registering annotated classes: [class com.configuration.SpringMvcConfig]
27-Feb-2024 15:33:39.068 INFO [localhost-startStop-1] org.springframework.web.servlet.handler.AbstractHandlerMethodMapping$MappingRegistry.register Mapped "{[/]}" onto public java.lang.String com.firstExample.Controller.HomeController.home()
27-Feb-2024 15:33:39.069 INFO [localhost-startStop-1] org.springframework.web.servlet.handler.AbstractHandlerMethodMapping$MappingRegistry.register Mapped "{[/login]}" onto public java.lang.String com.firstExample.Controller.HomeController.login()
27-Feb-2024 15:33:39.070 INFO [localhost-startStop-1] org.springframework.web.servlet.handler.AbstractHandlerMethodMapping$MappingRegistry.register Mapped "{[/userDetails]}" onto public org.springframework.web.servlet.ModelAndView com.firstExample.Controller.UserController.userDetails(javax.servlet.http.HttpServletRequest)
27-Feb-2024 15:33:39.131 INFO [localhost-startStop-1] org.springframework.web.servlet.mvc.method.annotation.RequestMappingHandlerAdapter.initControllerAdviceCache Looking for @ControllerAdvice: WebApplicationContext for namespace 'MyDs-servlet': startup date [Tue Feb 27 15:33:38 IST 2024]; root of context hierarchy
27-Feb-2024 15:33:39.238 INFO [localhost-startStop-1] org.springframework.web.servlet.FrameworkServlet.initServletBean FrameworkServlet 'MyDs': initialization completed in 798 ms
27-Feb-2024 15:33:39.246 INFO [localhost-startStop-1] org.apache.catalina.startup.HostConfig.deployDescriptor Deployment of deployment descriptor [/home/admin1/IdeaProjects/Spring_MVC/Spring_Mvc_Java(Annotation)Based/conf/Catalina/localhost/spring-mvc-project.xml] has finished in [2,072] ms
27-Feb-2024 15:33:39.248 INFO [main] org.apache.coyote.AbstractProtocol.start Starting ProtocolHandler ["http-nio-8089"]
27-Feb-2024 15:33:39.261 INFO [main] org.apache.catalina.startup.Catalina.start Server startup in 2233 ms
27-Feb-2024 15:33:40.983 WARNING [http-nio-8089-exec-2] org.springframework.web.servlet.DispatcherServlet.noHandlerFound No mapping found for HTTP request with URI [/spring-mvc-project/home] in DispatcherServlet with name 'MyDs'
27-Feb-2024 15:35:09.187 INFO [Thread-1] org.apache.coyote.AbstractProtocol.pause Pausing ProtocolHandler ["http-nio-8089"]
27-Feb-2024 15:35:09.189 INFO [Thread-1] org.apache.catalina.core.StandardService.stopInternal Stopping service [Catalina]
27-Feb-2024 15:35:09.195 INFO [localhost-startStop-2] org.springframework.context.support.AbstractApplicationContext.doClose Closing WebApplicationContext for namespace 'MyDs-servlet': startup date [Tue Feb 27 15:33:38 IST 2024]; root of context hierarchy
27-Feb-2024 15:35:09.209 INFO [Thread-1] org.apache.coyote.AbstractProtocol.stop Stopping ProtocolHandler ["http-nio-8089"]
27-Feb-2024 15:35:09.213 INFO [Thread-1] org.apache.coyote.AbstractProtocol.destroy Destroying ProtocolHandler ["http-nio-8089"]
27-Feb-2024 15:35:45.711 INFO [main] org.apache.catalina.startup.VersionLoggerListener.log Server version name:   Apache Tomcat/8.5.99
27-Feb-2024 15:35:45.715 INFO [main] org.apache.catalina.startup.VersionLoggerListener.log Server built:          Feb 14 2024 22:52:13 UTC
27-Feb-2024 15:35:45.716 INFO [main] org.apache.catalina.startup.VersionLoggerListener.log Server version number: 8.5.99.0
27-Feb-2024 15:35:45.716 INFO [main] org.apache.catalina.startup.VersionLoggerListener.log OS Name:               Linux
27-Feb-2024 15:35:45.716 INFO [main] org.apache.catalina.startup.VersionLoggerListener.log OS Version:            5.15.0-92-generic
27-Feb-2024 15:35:45.716 INFO [main] org.apache.catalina.startup.VersionLoggerListener.log Architecture:          amd64
27-Feb-2024 15:35:45.717 INFO [main] org.apache.catalina.startup.VersionLoggerListener.log Java Home:             /usr/lib/jvm/java-11-openjdk-amd64
27-Feb-2024 15:35:45.717 INFO [main] org.apache.catalina.startup.VersionLoggerListener.log JVM Version:           11.0.21+9-post-Ubuntu-0ubuntu120.04
27-Feb-2024 15:35:45.717 INFO [main] org.apache.catalina.startup.VersionLoggerListener.log JVM Vendor:            Ubuntu
27-Feb-2024 15:35:45.717 INFO [main] org.apache.catalina.startup.VersionLoggerListener.log CATALINA_BASE:         /home/admin1/IdeaProjects/Spring_MVC/Spring_Mvc_Java(Annotation)Based
27-Feb-2024 15:35:45.717 INFO [main] org.apache.catalina.startup.VersionLoggerListener.log CATALINA_HOME:         /home/admin1/Downloads/apache-tomcat-8.5.99
27-Feb-2024 15:35:45.720 INFO [main] org.apache.catalina.startup.VersionLoggerListener.log Command line argument: --add-opens=java.base/java.lang=ALL-UNNAMED
27-Feb-2024 15:35:45.721 INFO [main] org.apache.catalina.startup.VersionLoggerListener.log Command line argument: --add-opens=java.base/java.io=ALL-UNNAMED
27-Feb-2024 15:35:45.721 INFO [main] org.apache.catalina.startup.VersionLoggerListener.log Command line argument: --add-opens=java.base/java.util=ALL-UNNAMED
27-Feb-2024 15:35:45.722 INFO [main] org.apache.catalina.startup.VersionLoggerListener.log Command line argument: --add-opens=java.base/java.util.concurrent=ALL-UNNAMED
27-Feb-2024 15:35:45.722 INFO [main] org.apache.catalina.startup.VersionLoggerListener.log Command line argument: --add-opens=java.rmi/sun.rmi.transport=ALL-UNNAMED
27-Feb-2024 15:35:45.722 INFO [main] org.apache.catalina.startup.VersionLoggerListener.log Command line argument: -Dcatalina.home=/home/admin1/Downloads/apache-tomcat-8.5.99
27-Feb-2024 15:35:45.722 INFO [main] org.apache.catalina.startup.VersionLoggerListener.log Command line argument: -Dcatalina.base=/home/admin1/IdeaProjects/Spring_MVC/Spring_Mvc_Java(Annotation)Based
27-Feb-2024 15:35:45.722 INFO [main] org.apache.catalina.startup.VersionLoggerListener.log Command line argument: -Djava.io.tmpdir=/home/admin1/IdeaProjects/Spring_MVC/Spring_Mvc_Java(Annotation)Based/temp
27-Feb-2024 15:35:45.722 INFO [main] org.apache.catalina.startup.VersionLoggerListener.log Command line argument: -Djava.util.logging.config.file=/home/admin1/IdeaProjects/Spring_MVC/Spring_Mvc_Java(Annotation)Based/conf/logging.properties
27-Feb-2024 15:35:45.723 INFO [main] org.apache.catalina.startup.VersionLoggerListener.log Command line argument: -Djava.util.logging.manager=org.apache.juli.ClassLoaderLogManager
27-Feb-2024 15:35:45.723 INFO [main] org.apache.catalina.startup.VersionLoggerListener.log Command line argument: -javaagent:/snap/intellij-idea-community/483/lib/idea_rt.jar=45383:/snap/intellij-idea-community/483/bin
27-Feb-2024 15:35:45.723 INFO [main] org.apache.catalina.startup.VersionLoggerListener.log Command line argument: -Dfile.encoding=UTF-8
27-Feb-2024 15:35:45.723 INFO [main] org.apache.catalina.core.AprLifecycleListener.lifecycleEvent The Apache Tomcat Native library which allows using OpenSSL was not found on the java.library.path: [/usr/java/packages/lib:/usr/lib/x86_64-linux-gnu/jni:/lib/x86_64-linux-gnu:/usr/lib/x86_64-linux-gnu:/usr/lib/jni:/lib:/usr/lib]
27-Feb-2024 15:35:45.818 INFO [main] org.apache.coyote.AbstractProtocol.init Initializing ProtocolHandler ["http-nio-8087"]
27-Feb-2024 15:35:45.845 INFO [main] org.apache.catalina.startup.Catalina.load Initialization processed in 829 ms
27-Feb-2024 15:35:45.966 INFO [main] org.apache.catalina.core.StandardService.startInternal Starting service [Catalina]
27-Feb-2024 15:35:45.967 INFO [main] org.apache.catalina.core.StandardEngine.startInternal Starting Servlet engine: [Apache Tomcat/8.5.99]
27-Feb-2024 15:35:45.991 INFO [localhost-startStop-1] org.apache.catalina.startup.HostConfig.deployDescriptor Deploying deployment descriptor [/home/admin1/IdeaProjects/Spring_MVC/Spring_Mvc_Java(Annotation)Based/conf/Catalina/localhost/spring-mvc-project.xml]
27-Feb-2024 15:35:47.042 INFO [localhost-startStop-1] org.apache.jasper.servlet.TldScanner.scanJars At least one JAR was scanned for TLDs yet contained no TLDs. Enable debug logging for this logger for a complete list of JARs that were scanned but no TLDs were found in them. Skipping unneeded JARs during scanning can improve startup time and JSP compilation time.
27-Feb-2024 15:35:47.152 INFO [localhost-startStop-1] org.springframework.web.servlet.FrameworkServlet.initServletBean FrameworkServlet 'MyDs': initialization started
27-Feb-2024 15:35:47.191 INFO [localhost-startStop-1] org.springframework.context.support.AbstractApplicationContext.prepareRefresh Refreshing WebApplicationContext for namespace 'MyDs-servlet': startup date [Tue Feb 27 15:35:47 IST 2024]; root of context hierarchy
27-Feb-2024 15:35:47.277 INFO [localhost-startStop-1] org.springframework.web.context.support.AnnotationConfigWebApplicationContext.loadBeanDefinitions Registering annotated classes: [class com.configuration.SpringMvcConfig]
27-Feb-2024 15:35:47.863 INFO [localhost-startStop-1] org.springframework.web.servlet.handler.AbstractHandlerMethodMapping$MappingRegistry.register Mapped "{[/]}" onto public java.lang.String com.firstExample.Controller.HomeController.home()
27-Feb-2024 15:35:47.865 INFO [localhost-startStop-1] org.springframework.web.servlet.handler.AbstractHandlerMethodMapping$MappingRegistry.register Mapped "{[/login]}" onto public java.lang.String com.firstExample.Controller.HomeController.login()
27-Feb-2024 15:35:47.866 INFO [localhost-startStop-1] org.springframework.web.servlet.handler.AbstractHandlerMethodMapping$MappingRegistry.register Mapped "{[/userDetails]}" onto public org.springframework.web.servlet.ModelAndView com.firstExample.Controller.UserController.userDetails(javax.servlet.http.HttpServletRequest)
27-Feb-2024 15:35:47.936 INFO [localhost-startStop-1] org.springframework.web.servlet.mvc.method.annotation.RequestMappingHandlerAdapter.initControllerAdviceCache Looking for @ControllerAdvice: WebApplicationContext for namespace 'MyDs-servlet': startup date [Tue Feb 27 15:35:47 IST 2024]; root of context hierarchy
27-Feb-2024 15:35:48.049 INFO [localhost-startStop-1] org.springframework.web.servlet.FrameworkServlet.initServletBean FrameworkServlet 'MyDs': initialization completed in 897 ms
27-Feb-2024 15:35:48.056 INFO [localhost-startStop-1] org.apache.catalina.startup.HostConfig.deployDescriptor Deployment of deployment descriptor [/home/admin1/IdeaProjects/Spring_MVC/Spring_Mvc_Java(Annotation)Based/conf/Catalina/localhost/spring-mvc-project.xml] has finished in [2,065] ms
27-Feb-2024 15:35:48.059 INFO [main] org.apache.coyote.AbstractProtocol.start Starting ProtocolHandler ["http-nio-8087"]
27-Feb-2024 15:35:48.072 INFO [main] org.apache.catalina.startup.Catalina.start Server startup in 2226 ms
27-Feb-2024 15:36:26.739 WARNING [http-nio-8087-exec-7] org.springframework.web.servlet.DispatcherServlet.noHandlerFound No mapping found for HTTP request with URI [/spring-mvc-project/home/home] in DispatcherServlet with name 'MyDs'
27-Feb-2024 15:36:30.513 WARNING [http-nio-8087-exec-8] org.springframework.web.servlet.DispatcherServlet.noHandlerFound No mapping found for HTTP request with URI [/spring-mvc-project/home/home] in DispatcherServlet with name 'MyDs'
27-Feb-2024 15:36:38.018 INFO [Thread-1] org.apache.coyote.AbstractProtocol.pause Pausing ProtocolHandler ["http-nio-8087"]
27-Feb-2024 15:36:38.021 INFO [Thread-1] org.apache.catalina.core.StandardService.stopInternal Stopping service [Catalina]
27-Feb-2024 15:36:38.027 INFO [localhost-startStop-2] org.springframework.context.support.AbstractApplicationContext.doClose Closing WebApplicationContext for namespace 'MyDs-servlet': startup date [Tue Feb 27 15:35:47 IST 2024]; root of context hierarchy
27-Feb-2024 15:36:38.040 INFO [Thread-1] org.apache.coyote.AbstractProtocol.stop Stopping ProtocolHandler ["http-nio-8087"]
27-Feb-2024 15:36:38.045 INFO [Thread-1] org.apache.coyote.AbstractProtocol.destroy Destroying ProtocolHandler ["http-nio-8087"]
27-Feb-2024 15:36:47.733 INFO [main] org.apache.catalina.startup.VersionLoggerListener.log Server version name:   Apache Tomcat/8.5.99
27-Feb-2024 15:36:47.765 INFO [main] org.apache.catalina.startup.VersionLoggerListener.log Server built:          Feb 14 2024 22:52:13 UTC
27-Feb-2024 15:36:47.766 INFO [main] org.apache.catalina.startup.VersionLoggerListener.log Server version number: 8.5.99.0
27-Feb-2024 15:36:47.766 INFO [main] org.apache.catalina.startup.VersionLoggerListener.log OS Name:               Linux
27-Feb-2024 15:36:47.766 INFO [main] org.apache.catalina.startup.VersionLoggerListener.log OS Version:            5.15.0-92-generic
27-Feb-2024 15:36:47.766 INFO [main] org.apache.catalina.startup.VersionLoggerListener.log Architecture:          amd64
27-Feb-2024 15:36:47.766 INFO [main] org.apache.catalina.startup.VersionLoggerListener.log Java Home:             /usr/lib/jvm/java-11-openjdk-amd64
27-Feb-2024 15:36:47.766 INFO [main] org.apache.catalina.startup.VersionLoggerListener.log JVM Version:           11.0.21+9-post-Ubuntu-0ubuntu120.04
27-Feb-2024 15:36:47.766 INFO [main] org.apache.catalina.startup.VersionLoggerListener.log JVM Vendor:            Ubuntu
27-Feb-2024 15:36:47.767 INFO [main] org.apache.catalina.startup.VersionLoggerListener.log CATALINA_BASE:         /home/admin1/IdeaProjects/Spring_MVC/Spring_Mvc_Java(Annotation)Based
27-Feb-2024 15:36:47.767 INFO [main] org.apache.catalina.startup.VersionLoggerListener.log CATALINA_HOME:         /home/admin1/Downloads/apache-tomcat-8.5.99
27-Feb-2024 15:36:47.769 INFO [main] org.apache.catalina.startup.VersionLoggerListener.log Command line argument: --add-opens=java.base/java.lang=ALL-UNNAMED
27-Feb-2024 15:36:47.769 INFO [main] org.apache.catalina.startup.VersionLoggerListener.log Command line argument: --add-opens=java.base/java.io=ALL-UNNAMED
27-Feb-2024 15:36:47.769 INFO [main] org.apache.catalina.startup.VersionLoggerListener.log Command line argument: --add-opens=java.base/java.util=ALL-UNNAMED
27-Feb-2024 15:36:47.769 INFO [main] org.apache.catalina.startup.VersionLoggerListener.log Command line argument: --add-opens=java.base/java.util.concurrent=ALL-UNNAMED
27-Feb-2024 15:36:47.769 INFO [main] org.apache.catalina.startup.VersionLoggerListener.log Command line argument: --add-opens=java.rmi/sun.rmi.transport=ALL-UNNAMED
27-Feb-2024 15:36:47.769 INFO [main] org.apache.catalina.startup.VersionLoggerListener.log Command line argument: -Dcatalina.home=/home/admin1/Downloads/apache-tomcat-8.5.99
27-Feb-2024 15:36:47.770 INFO [main] org.apache.catalina.startup.VersionLoggerListener.log Command line argument: -Dcatalina.base=/home/admin1/IdeaProjects/Spring_MVC/Spring_Mvc_Java(Annotation)Based
27-Feb-2024 15:36:47.770 INFO [main] org.apache.catalina.startup.VersionLoggerListener.log Command line argument: -Djava.io.tmpdir=/home/admin1/IdeaProjects/Spring_MVC/Spring_Mvc_Java(Annotation)Based/temp
27-Feb-2024 15:36:47.770 INFO [main] org.apache.catalina.startup.VersionLoggerListener.log Command line argument: -Djava.util.logging.config.file=/home/admin1/IdeaProjects/Spring_MVC/Spring_Mvc_Java(Annotation)Based/conf/logging.properties
27-Feb-2024 15:36:47.770 INFO [main] org.apache.catalina.startup.VersionLoggerListener.log Command line argument: -Djava.util.logging.manager=org.apache.juli.ClassLoaderLogManager
27-Feb-2024 15:36:47.770 INFO [main] org.apache.catalina.startup.VersionLoggerListener.log Command line argument: -javaagent:/snap/intellij-idea-community/483/lib/idea_rt.jar=34057:/snap/intellij-idea-community/483/bin
27-Feb-2024 15:36:47.770 INFO [main] org.apache.catalina.startup.VersionLoggerListener.log Command line argument: -Dfile.encoding=UTF-8
27-Feb-2024 15:36:47.770 INFO [main] org.apache.catalina.core.AprLifecycleListener.lifecycleEvent The Apache Tomcat Native library which allows using OpenSSL was not found on the java.library.path: [/usr/java/packages/lib:/usr/lib/x86_64-linux-gnu/jni:/lib/x86_64-linux-gnu:/usr/lib/x86_64-linux-gnu:/usr/lib/jni:/lib:/usr/lib]
27-Feb-2024 15:36:47.831 INFO [main] org.apache.coyote.AbstractProtocol.init Initializing ProtocolHandler ["http-nio-8087"]
27-Feb-2024 15:36:47.864 INFO [main] org.apache.catalina.startup.Catalina.load Initialization processed in 857 ms
27-Feb-2024 15:36:47.967 INFO [main] org.apache.catalina.core.StandardService.startInternal Starting service [Catalina]
27-Feb-2024 15:36:47.968 INFO [main] org.apache.catalina.core.StandardEngine.startInternal Starting Servlet engine: [Apache Tomcat/8.5.99]
27-Feb-2024 15:36:48.007 INFO [localhost-startStop-1] org.apache.catalina.startup.HostConfig.deployDescriptor Deploying deployment descriptor [/home/admin1/IdeaProjects/Spring_MVC/Spring_Mvc_Java(Annotation)Based/conf/Catalina/localhost/spring-mvc-project.xml]
27-Feb-2024 15:36:49.057 INFO [localhost-startStop-1] org.apache.jasper.servlet.TldScanner.scanJars At least one JAR was scanned for TLDs yet contained no TLDs. Enable debug logging for this logger for a complete list of JARs that were scanned but no TLDs were found in them. Skipping unneeded JARs during scanning can improve startup time and JSP compilation time.
27-Feb-2024 15:36:49.165 INFO [localhost-startStop-1] org.springframework.web.servlet.FrameworkServlet.initServletBean FrameworkServlet 'MyDs': initialization started
27-Feb-2024 15:36:49.201 INFO [localhost-startStop-1] org.springframework.context.support.AbstractApplicationContext.prepareRefresh Refreshing WebApplicationContext for namespace 'MyDs-servlet': startup date [Tue Feb 27 15:36:49 IST 2024]; root of context hierarchy
27-Feb-2024 15:36:49.287 INFO [localhost-startStop-1] org.springframework.web.context.support.AnnotationConfigWebApplicationContext.loadBeanDefinitions Registering annotated classes: [class com.configuration.SpringMvcConfig]
27-Feb-2024 15:36:49.788 INFO [localhost-startStop-1] org.springframework.web.servlet.handler.AbstractHandlerMethodMapping$MappingRegistry.register Mapped "{[/]}" onto public java.lang.String com.firstExample.Controller.HomeController.home()
27-Feb-2024 15:36:49.789 INFO [localhost-startStop-1] org.springframework.web.servlet.handler.AbstractHandlerMethodMapping$MappingRegistry.register Mapped "{[/login]}" onto public java.lang.String com.firstExample.Controller.HomeController.login()
27-Feb-2024 15:36:49.791 INFO [localhost-startStop-1] org.springframework.web.servlet.handler.AbstractHandlerMethodMapping$MappingRegistry.register Mapped "{[/userDetails]}" onto public org.springframework.web.servlet.ModelAndView com.firstExample.Controller.UserController.userDetails(javax.servlet.http.HttpServletRequest)
27-Feb-2024 15:36:49.848 INFO [localhost-startStop-1] org.springframework.web.servlet.mvc.method.annotation.RequestMappingHandlerAdapter.initControllerAdviceCache Looking for @ControllerAdvice: WebApplicationContext for namespace 'MyDs-servlet': startup date [Tue Feb 27 15:36:49 IST 2024]; root of context hierarchy
27-Feb-2024 15:36:49.970 INFO [localhost-startStop-1] org.springframework.web.servlet.FrameworkServlet.initServletBean FrameworkServlet 'MyDs': initialization completed in 805 ms
27-Feb-2024 15:36:49.978 INFO [localhost-startStop-1] org.apache.catalina.startup.HostConfig.deployDescriptor Deployment of deployment descriptor [/home/admin1/IdeaProjects/Spring_MVC/Spring_Mvc_Java(Annotation)Based/conf/Catalina/localhost/spring-mvc-project.xml] has finished in [1,971] ms
27-Feb-2024 15:36:49.981 INFO [main] org.apache.coyote.AbstractProtocol.start Starting ProtocolHandler ["http-nio-8087"]
27-Feb-2024 15:36:49.993 INFO [main] org.apache.catalina.startup.Catalina.start Server startup in 2128 ms
27-Feb-2024 15:36:51.846 WARNING [http-nio-8087-exec-2] org.springframework.web.servlet.DispatcherServlet.noHandlerFound No mapping found for HTTP request with URI [/spring-mvc-project/home] in DispatcherServlet with name 'MyDs'
27-Feb-2024 15:36:54.906 WARNING [http-nio-8087-exec-3] org.springframework.web.servlet.DispatcherServlet.noHandlerFound No mapping found for HTTP request with URI [/spring-mvc-project/home] in DispatcherServlet with name 'MyDs'
27-Feb-2024 15:37:08.540 WARNING [http-nio-8087-exec-5] org.springframework.web.servlet.DispatcherServlet.noHandlerFound No mapping found for HTTP request with URI [/spring-mvc-project/home] in DispatcherServlet with name 'MyDs'
27-Feb-2024 15:37:08.678 WARNING [http-nio-8087-exec-6] org.springframework.web.servlet.DispatcherServlet.noHandlerFound No mapping found for HTTP request with URI [/spring-mvc-project/home] in DispatcherServlet with name 'MyDs'
27-Feb-2024 15:37:08.805 WARNING [http-nio-8087-exec-7] org.springframework.web.servlet.DispatcherServlet.noHandlerFound No mapping found for HTTP request with URI [/spring-mvc-project/home] in DispatcherServlet with name 'MyDs'
27-Feb-2024 15:37:08.971 WARNING [http-nio-8087-exec-8] org.springframework.web.servlet.DispatcherServlet.noHandlerFound No mapping found for HTTP request with URI [/spring-mvc-project/home] in DispatcherServlet with name 'MyDs'
27-Feb-2024 15:37:09.205 WARNING [http-nio-8087-exec-9] org.springframework.web.servlet.DispatcherServlet.noHandlerFound No mapping found for HTTP request with URI [/spring-mvc-project/home] in DispatcherServlet with name 'MyDs'
27-Feb-2024 15:37:09.290 WARNING [http-nio-8087-exec-10] org.springframework.web.servlet.DispatcherServlet.noHandlerFound No mapping found for HTTP request with URI [/spring-mvc-project/home] in DispatcherServlet with name 'MyDs'
27-Feb-2024 15:37:09.488 WARNING [http-nio-8087-exec-1] org.springframework.web.servlet.DispatcherServlet.noHandlerFound No mapping found for HTTP request with URI [/spring-mvc-project/home] in DispatcherServlet with name 'MyDs'
27-Feb-2024 15:37:58.581 INFO [Thread-1] org.apache.coyote.AbstractProtocol.pause Pausing ProtocolHandler ["http-nio-8087"]
27-Feb-2024 15:37:58.583 INFO [Thread-1] org.apache.catalina.core.StandardService.stopInternal Stopping service [Catalina]
27-Feb-2024 15:37:58.587 INFO [localhost-startStop-2] org.springframework.context.support.AbstractApplicationContext.doClose Closing WebApplicationContext for namespace 'MyDs-servlet': startup date [Tue Feb 27 15:36:49 IST 2024]; root of context hierarchy
27-Feb-2024 15:37:58.599 INFO [Thread-1] org.apache.coyote.AbstractProtocol.stop Stopping ProtocolHandler ["http-nio-8087"]
27-Feb-2024 15:37:58.606 INFO [Thread-1] org.apache.coyote.AbstractProtocol.destroy Destroying ProtocolHandler ["http-nio-8087"]
27-Feb-2024 15:38:00.719 INFO [main] org.apache.catalina.startup.VersionLoggerListener.log Server version name:   Apache Tomcat/8.5.99
27-Feb-2024 15:38:00.751 INFO [main] org.apache.catalina.startup.VersionLoggerListener.log Server built:          Feb 14 2024 22:52:13 UTC
27-Feb-2024 15:38:00.752 INFO [main] org.apache.catalina.startup.VersionLoggerListener.log Server version number: 8.5.99.0
27-Feb-2024 15:38:00.752 INFO [main] org.apache.catalina.startup.VersionLoggerListener.log OS Name:               Linux
27-Feb-2024 15:38:00.752 INFO [main] org.apache.catalina.startup.VersionLoggerListener.log OS Version:            5.15.0-92-generic
27-Feb-2024 15:38:00.752 INFO [main] org.apache.catalina.startup.VersionLoggerListener.log Architecture:          amd64
27-Feb-2024 15:38:00.752 INFO [main] org.apache.catalina.startup.VersionLoggerListener.log Java Home:             /usr/lib/jvm/java-11-openjdk-amd64
27-Feb-2024 15:38:00.752 INFO [main] org.apache.catalina.startup.VersionLoggerListener.log JVM Version:           11.0.21+9-post-Ubuntu-0ubuntu120.04
27-Feb-2024 15:38:00.753 INFO [main] org.apache.catalina.startup.VersionLoggerListener.log JVM Vendor:            Ubuntu
27-Feb-2024 15:38:00.753 INFO [main] org.apache.catalina.startup.VersionLoggerListener.log CATALINA_BASE:         /home/admin1/IdeaProjects/Spring_MVC/Spring_Mvc_Java(Annotation)Based
27-Feb-2024 15:38:00.753 INFO [main] org.apache.catalina.startup.VersionLoggerListener.log CATALINA_HOME:         /home/admin1/Downloads/apache-tomcat-8.5.99
27-Feb-2024 15:38:00.762 INFO [main] org.apache.catalina.startup.VersionLoggerListener.log Command line argument: --add-opens=java.base/java.lang=ALL-UNNAMED
27-Feb-2024 15:38:00.762 INFO [main] org.apache.catalina.startup.VersionLoggerListener.log Command line argument: --add-opens=java.base/java.io=ALL-UNNAMED
27-Feb-2024 15:38:00.763 INFO [main] org.apache.catalina.startup.VersionLoggerListener.log Command line argument: --add-opens=java.base/java.util=ALL-UNNAMED
27-Feb-2024 15:38:00.763 INFO [main] org.apache.catalina.startup.VersionLoggerListener.log Command line argument: --add-opens=java.base/java.util.concurrent=ALL-UNNAMED
27-Feb-2024 15:38:00.763 INFO [main] org.apache.catalina.startup.VersionLoggerListener.log Command line argument: --add-opens=java.rmi/sun.rmi.transport=ALL-UNNAMED
27-Feb-2024 15:38:00.763 INFO [main] org.apache.catalina.startup.VersionLoggerListener.log Command line argument: -Dcatalina.home=/home/admin1/Downloads/apache-tomcat-8.5.99
27-Feb-2024 15:38:00.763 INFO [main] org.apache.catalina.startup.VersionLoggerListener.log Command line argument: -Dcatalina.base=/home/admin1/IdeaProjects/Spring_MVC/Spring_Mvc_Java(Annotation)Based
27-Feb-2024 15:38:00.763 INFO [main] org.apache.catalina.startup.VersionLoggerListener.log Command line argument: -Djava.io.tmpdir=/home/admin1/IdeaProjects/Spring_MVC/Spring_Mvc_Java(Annotation)Based/temp
27-Feb-2024 15:38:00.764 INFO [main] org.apache.catalina.startup.VersionLoggerListener.log Command line argument: -Djava.util.logging.config.file=/home/admin1/IdeaProjects/Spring_MVC/Spring_Mvc_Java(Annotation)Based/conf/logging.properties
27-Feb-2024 15:38:00.764 INFO [main] org.apache.catalina.startup.VersionLoggerListener.log Command line argument: -Djava.util.logging.manager=org.apache.juli.ClassLoaderLogManager
27-Feb-2024 15:38:00.764 INFO [main] org.apache.catalina.startup.VersionLoggerListener.log Command line argument: -javaagent:/snap/intellij-idea-community/483/lib/idea_rt.jar=43731:/snap/intellij-idea-community/483/bin
27-Feb-2024 15:38:00.764 INFO [main] org.apache.catalina.startup.VersionLoggerListener.log Command line argument: -Dfile.encoding=UTF-8
27-Feb-2024 15:38:00.764 INFO [main] org.apache.catalina.core.AprLifecycleListener.lifecycleEvent The Apache Tomcat Native library which allows using OpenSSL was not found on the java.library.path: [/usr/java/packages/lib:/usr/lib/x86_64-linux-gnu/jni:/lib/x86_64-linux-gnu:/usr/lib/x86_64-linux-gnu:/usr/lib/jni:/lib:/usr/lib]
27-Feb-2024 15:38:00.852 INFO [main] org.apache.coyote.AbstractProtocol.init Initializing ProtocolHandler ["http-nio-8087"]
27-Feb-2024 15:38:00.890 INFO [main] org.apache.catalina.startup.Catalina.load Initialization processed in 853 ms
27-Feb-2024 15:38:01.002 INFO [main] org.apache.catalina.core.StandardService.startInternal Starting service [Catalina]
27-Feb-2024 15:38:01.004 INFO [main] org.apache.catalina.core.StandardEngine.startInternal Starting Servlet engine: [Apache Tomcat/8.5.99]
27-Feb-2024 15:38:01.028 INFO [localhost-startStop-1] org.apache.catalina.startup.HostConfig.deployDescriptor Deploying deployment descriptor [/home/admin1/IdeaProjects/Spring_MVC/Spring_Mvc_Java(Annotation)Based/conf/Catalina/localhost/spring-mvc-project.xml]
27-Feb-2024 15:38:02.313 INFO [localhost-startStop-1] org.apache.jasper.servlet.TldScanner.scanJars At least one JAR was scanned for TLDs yet contained no TLDs. Enable debug logging for this logger for a complete list of JARs that were scanned but no TLDs were found in them. Skipping unneeded JARs during scanning can improve startup time and JSP compilation time.
27-Feb-2024 15:38:02.462 INFO [localhost-startStop-1] org.springframework.web.servlet.FrameworkServlet.initServletBean FrameworkServlet 'MyDs': initialization started
27-Feb-2024 15:38:02.503 INFO [localhost-startStop-1] org.springframework.context.support.AbstractApplicationContext.prepareRefresh Refreshing WebApplicationContext for namespace 'MyDs-servlet': startup date [Tue Feb 27 15:38:02 IST 2024]; root of context hierarchy
27-Feb-2024 15:38:02.619 INFO [localhost-startStop-1] org.springframework.web.context.support.AnnotationConfigWebApplicationContext.loadBeanDefinitions Registering annotated classes: [class com.configuration.SpringMvcConfig]
27-Feb-2024 15:38:03.113 INFO [localhost-startStop-1] org.springframework.web.servlet.handler.AbstractHandlerMethodMapping$MappingRegistry.register Mapped "{[/]}" onto public java.lang.String com.firstExample.Controller.HomeController.home()
27-Feb-2024 15:38:03.115 INFO [localhost-startStop-1] org.springframework.web.servlet.handler.AbstractHandlerMethodMapping$MappingRegistry.register Mapped "{[/login]}" onto public java.lang.String com.firstExample.Controller.HomeController.login()
27-Feb-2024 15:38:03.115 INFO [localhost-startStop-1] org.springframework.web.servlet.handler.AbstractHandlerMethodMapping$MappingRegistry.register Mapped "{[/userDetails]}" onto public org.springframework.web.servlet.ModelAndView com.firstExample.Controller.UserController.userDetails(javax.servlet.http.HttpServletRequest)
27-Feb-2024 15:38:03.173 INFO [localhost-startStop-1] org.springframework.web.servlet.mvc.method.annotation.RequestMappingHandlerAdapter.initControllerAdviceCache Looking for @ControllerAdvice: WebApplicationContext for namespace 'MyDs-servlet': startup date [Tue Feb 27 15:38:02 IST 2024]; root of context hierarchy
27-Feb-2024 15:38:03.295 INFO [localhost-startStop-1] org.springframework.web.servlet.FrameworkServlet.initServletBean FrameworkServlet 'MyDs': initialization completed in 833 ms
27-Feb-2024 15:38:03.302 INFO [localhost-startStop-1] org.apache.catalina.startup.HostConfig.deployDescriptor Deployment of deployment descriptor [/home/admin1/IdeaProjects/Spring_MVC/Spring_Mvc_Java(Annotation)Based/conf/Catalina/localhost/spring-mvc-project.xml] has finished in [2,274] ms
27-Feb-2024 15:38:03.305 INFO [main] org.apache.coyote.AbstractProtocol.start Starting ProtocolHandler ["http-nio-8087"]
27-Feb-2024 15:38:03.319 INFO [main] org.apache.catalina.startup.Catalina.start Server startup in 2429 ms
27-Feb-2024 15:38:36.441 WARNING [http-nio-8087-exec-2] org.springframework.web.servlet.DispatcherServlet.noHandlerFound No mapping found for HTTP request with URI [/spring-mvc-project/home] in DispatcherServlet with name 'MyDs'
27-Feb-2024 15:38:57.726 WARNING [http-nio-8087-exec-5] org.springframework.web.servlet.DispatcherServlet.noHandlerFound No mapping found for HTTP request with URI [/spring-mvc-project/home] in DispatcherServlet with name 'MyDs'
27-Feb-2024 15:40:00.498 INFO [Thread-1] org.apache.coyote.AbstractProtocol.pause Pausing ProtocolHandler ["http-nio-8087"]
27-Feb-2024 15:40:00.500 INFO [Thread-1] org.apache.catalina.core.StandardService.stopInternal Stopping service [Catalina]
27-Feb-2024 15:40:00.505 INFO [localhost-startStop-2] org.springframework.context.support.AbstractApplicationContext.doClose Closing WebApplicationContext for namespace 'MyDs-servlet': startup date [Tue Feb 27 15:38:02 IST 2024]; root of context hierarchy
27-Feb-2024 15:40:00.516 INFO [Thread-1] org.apache.coyote.AbstractProtocol.stop Stopping ProtocolHandler ["http-nio-8087"]
27-Feb-2024 15:40:00.524 INFO [Thread-1] org.apache.coyote.AbstractProtocol.destroy Destroying ProtocolHandler ["http-nio-8087"]
27-Feb-2024 15:40:03.416 INFO [main] org.apache.catalina.startup.VersionLoggerListener.log Server version name:   Apache Tomcat/8.5.99
27-Feb-2024 15:40:03.437 INFO [main] org.apache.catalina.startup.VersionLoggerListener.log Server built:          Feb 14 2024 22:52:13 UTC
27-Feb-2024 15:40:03.437 INFO [main] org.apache.catalina.startup.VersionLoggerListener.log Server version number: 8.5.99.0
27-Feb-2024 15:40:03.438 INFO [main] org.apache.catalina.startup.VersionLoggerListener.log OS Name:               Linux
27-Feb-2024 15:40:03.438 INFO [main] org.apache.catalina.startup.VersionLoggerListener.log OS Version:            5.15.0-92-generic
27-Feb-2024 15:40:03.438 INFO [main] org.apache.catalina.startup.VersionLoggerListener.log Architecture:          amd64
27-Feb-2024 15:40:03.438 INFO [main] org.apache.catalina.startup.VersionLoggerListener.log Java Home:             /usr/lib/jvm/java-11-openjdk-amd64
27-Feb-2024 15:40:03.438 INFO [main] org.apache.catalina.startup.VersionLoggerListener.log JVM Version:           11.0.21+9-post-Ubuntu-0ubuntu120.04
27-Feb-2024 15:40:03.438 INFO [main] org.apache.catalina.startup.VersionLoggerListener.log JVM Vendor:            Ubuntu
27-Feb-2024 15:40:03.439 INFO [main] org.apache.catalina.startup.VersionLoggerListener.log CATALINA_BASE:         /home/admin1/IdeaProjects/Spring_MVC/Spring_Mvc_Java(Annotation)Based
27-Feb-2024 15:40:03.439 INFO [main] org.apache.catalina.startup.VersionLoggerListener.log CATALINA_HOME:         /home/admin1/Downloads/apache-tomcat-8.5.99
27-Feb-2024 15:40:03.444 INFO [main] org.apache.catalina.startup.VersionLoggerListener.log Command line argument: --add-opens=java.base/java.lang=ALL-UNNAMED
27-Feb-2024 15:40:03.445 INFO [main] org.apache.catalina.startup.VersionLoggerListener.log Command line argument: --add-opens=java.base/java.io=ALL-UNNAMED
27-Feb-2024 15:40:03.445 INFO [main] org.apache.catalina.startup.VersionLoggerListener.log Command line argument: --add-opens=java.base/java.util=ALL-UNNAMED
27-Feb-2024 15:40:03.445 INFO [main] org.apache.catalina.startup.VersionLoggerListener.log Command line argument: --add-opens=java.base/java.util.concurrent=ALL-UNNAMED
27-Feb-2024 15:40:03.445 INFO [main] org.apache.catalina.startup.VersionLoggerListener.log Command line argument: --add-opens=java.rmi/sun.rmi.transport=ALL-UNNAMED
27-Feb-2024 15:40:03.446 INFO [main] org.apache.catalina.startup.VersionLoggerListener.log Command line argument: -Dcatalina.home=/home/admin1/Downloads/apache-tomcat-8.5.99
27-Feb-2024 15:40:03.446 INFO [main] org.apache.catalina.startup.VersionLoggerListener.log Command line argument: -Dcatalina.base=/home/admin1/IdeaProjects/Spring_MVC/Spring_Mvc_Java(Annotation)Based
27-Feb-2024 15:40:03.446 INFO [main] org.apache.catalina.startup.VersionLoggerListener.log Command line argument: -Djava.io.tmpdir=/home/admin1/IdeaProjects/Spring_MVC/Spring_Mvc_Java(Annotation)Based/temp
27-Feb-2024 15:40:03.446 INFO [main] org.apache.catalina.startup.VersionLoggerListener.log Command line argument: -Djava.util.logging.config.file=/home/admin1/IdeaProjects/Spring_MVC/Spring_Mvc_Java(Annotation)Based/conf/logging.properties
27-Feb-2024 15:40:03.446 INFO [main] org.apache.catalina.startup.VersionLoggerListener.log Command line argument: -Djava.util.logging.manager=org.apache.juli.ClassLoaderLogManager
27-Feb-2024 15:40:03.446 INFO [main] org.apache.catalina.startup.VersionLoggerListener.log Command line argument: -javaagent:/snap/intellij-idea-community/483/lib/idea_rt.jar=35685:/snap/intellij-idea-community/483/bin
27-Feb-2024 15:40:03.446 INFO [main] org.apache.catalina.startup.VersionLoggerListener.log Command line argument: -Dfile.encoding=UTF-8
27-Feb-2024 15:40:03.447 INFO [main] org.apache.catalina.core.AprLifecycleListener.lifecycleEvent The Apache Tomcat Native library which allows using OpenSSL was not found on the java.library.path: [/usr/java/packages/lib:/usr/lib/x86_64-linux-gnu/jni:/lib/x86_64-linux-gnu:/usr/lib/x86_64-linux-gnu:/usr/lib/jni:/lib:/usr/lib]
27-Feb-2024 15:40:03.515 INFO [main] org.apache.coyote.AbstractProtocol.init Initializing ProtocolHandler ["http-nio-8087"]
27-Feb-2024 15:40:03.548 INFO [main] org.apache.catalina.startup.Catalina.load Initialization processed in 796 ms
27-Feb-2024 15:40:03.650 INFO [main] org.apache.catalina.core.StandardService.startInternal Starting service [Catalina]
27-Feb-2024 15:40:03.650 INFO [main] org.apache.catalina.core.StandardEngine.startInternal Starting Servlet engine: [Apache Tomcat/8.5.99]
27-Feb-2024 15:40:03.671 INFO [localhost-startStop-1] org.apache.catalina.startup.HostConfig.deployDescriptor Deploying deployment descriptor [/home/admin1/IdeaProjects/Spring_MVC/Spring_Mvc_Java(Annotation)Based/conf/Catalina/localhost/spring-mvc-project.xml]
27-Feb-2024 15:40:04.715 INFO [localhost-startStop-1] org.apache.jasper.servlet.TldScanner.scanJars At least one JAR was scanned for TLDs yet contained no TLDs. Enable debug logging for this logger for a complete list of JARs that were scanned but no TLDs were found in them. Skipping unneeded JARs during scanning can improve startup time and JSP compilation time.
27-Feb-2024 15:40:04.832 INFO [localhost-startStop-1] org.springframework.web.servlet.FrameworkServlet.initServletBean FrameworkServlet 'MyDs': initialization started
27-Feb-2024 15:40:04.869 INFO [localhost-startStop-1] org.springframework.context.support.AbstractApplicationContext.prepareRefresh Refreshing WebApplicationContext for namespace 'MyDs-servlet': startup date [Tue Feb 27 15:40:04 IST 2024]; root of context hierarchy
27-Feb-2024 15:40:04.977 INFO [localhost-startStop-1] org.springframework.web.context.support.AnnotationConfigWebApplicationContext.loadBeanDefinitions Registering annotated classes: [class com.configuration.SpringMvcConfig]
27-Feb-2024 15:40:05.415 INFO [localhost-startStop-1] org.springframework.web.servlet.handler.AbstractHandlerMethodMapping$MappingRegistry.register Mapped "{[/]}" onto public java.lang.String com.firstExample.Controller.HomeController.home()
27-Feb-2024 15:40:05.416 INFO [localhost-startStop-1] org.springframework.web.servlet.handler.AbstractHandlerMethodMapping$MappingRegistry.register Mapped "{[/login]}" onto public java.lang.String com.firstExample.Controller.HomeController.login()
27-Feb-2024 15:40:05.417 INFO [localhost-startStop-1] org.springframework.web.servlet.handler.AbstractHandlerMethodMapping$MappingRegistry.register Mapped "{[/userDetails]}" onto public org.springframework.web.servlet.ModelAndView com.firstExample.Controller.UserController.userDetails(javax.servlet.http.HttpServletRequest)
27-Feb-2024 15:40:05.471 INFO [localhost-startStop-1] org.springframework.web.servlet.mvc.method.annotation.RequestMappingHandlerAdapter.initControllerAdviceCache Looking for @ControllerAdvice: WebApplicationContext for namespace 'MyDs-servlet': startup date [Tue Feb 27 15:40:04 IST 2024]; root of context hierarchy
27-Feb-2024 15:40:05.592 INFO [localhost-startStop-1] org.springframework.web.servlet.FrameworkServlet.initServletBean FrameworkServlet 'MyDs': initialization completed in 760 ms
27-Feb-2024 15:40:05.600 INFO [localhost-startStop-1] org.apache.catalina.startup.HostConfig.deployDescriptor Deployment of deployment descriptor [/home/admin1/IdeaProjects/Spring_MVC/Spring_Mvc_Java(Annotation)Based/conf/Catalina/localhost/spring-mvc-project.xml] has finished in [1,930] ms
27-Feb-2024 15:40:05.603 INFO [main] org.apache.coyote.AbstractProtocol.start Starting ProtocolHandler ["http-nio-8087"]
27-Feb-2024 15:40:05.614 INFO [main] org.apache.catalina.startup.Catalina.start Server startup in 2066 ms
27-Feb-2024 15:42:54.601 INFO [Thread-1] org.apache.coyote.AbstractProtocol.pause Pausing ProtocolHandler ["http-nio-8087"]
27-Feb-2024 15:42:54.603 INFO [Thread-1] org.apache.catalina.core.StandardService.stopInternal Stopping service [Catalina]
27-Feb-2024 15:42:54.608 INFO [localhost-startStop-2] org.springframework.context.support.AbstractApplicationContext.doClose Closing WebApplicationContext for namespace 'MyDs-servlet': startup date [Tue Feb 27 15:40:04 IST 2024]; root of context hierarchy
27-Feb-2024 15:42:54.619 INFO [Thread-1] org.apache.coyote.AbstractProtocol.stop Stopping ProtocolHandler ["http-nio-8087"]
27-Feb-2024 15:42:54.626 INFO [Thread-1] org.apache.coyote.AbstractProtocol.destroy Destroying ProtocolHandler ["http-nio-8087"]
27-Feb-2024 15:42:57.557 INFO [main] org.apache.catalina.startup.VersionLoggerListener.log Server version name:   Apache Tomcat/8.5.99
27-Feb-2024 15:42:57.561 INFO [main] org.apache.catalina.startup.VersionLoggerListener.log Server built:          Feb 14 2024 22:52:13 UTC
27-Feb-2024 15:42:57.562 INFO [main] org.apache.catalina.startup.VersionLoggerListener.log Server version number: 8.5.99.0
27-Feb-2024 15:42:57.562 INFO [main] org.apache.catalina.startup.VersionLoggerListener.log OS Name:               Linux
27-Feb-2024 15:42:57.562 INFO [main] org.apache.catalina.startup.VersionLoggerListener.log OS Version:            5.15.0-92-generic
27-Feb-2024 15:42:57.562 INFO [main] org.apache.catalina.startup.VersionLoggerListener.log Architecture:          amd64
27-Feb-2024 15:42:57.563 INFO [main] org.apache.catalina.startup.VersionLoggerListener.log Java Home:             /usr/lib/jvm/java-11-openjdk-amd64
27-Feb-2024 15:42:57.563 INFO [main] org.apache.catalina.startup.VersionLoggerListener.log JVM Version:           11.0.21+9-post-Ubuntu-0ubuntu120.04
27-Feb-2024 15:42:57.563 INFO [main] org.apache.catalina.startup.VersionLoggerListener.log JVM Vendor:            Ubuntu
27-Feb-2024 15:42:57.563 INFO [main] org.apache.catalina.startup.VersionLoggerListener.log CATALINA_BASE:         /home/admin1/IdeaProjects/Spring_MVC/Spring_Mvc_Java(Annotation)Based
27-Feb-2024 15:42:57.563 INFO [main] org.apache.catalina.startup.VersionLoggerListener.log CATALINA_HOME:         /home/admin1/Downloads/apache-tomcat-8.5.99
27-Feb-2024 15:42:57.566 INFO [main] org.apache.catalina.startup.VersionLoggerListener.log Command line argument: --add-opens=java.base/java.lang=ALL-UNNAMED
27-Feb-2024 15:42:57.566 INFO [main] org.apache.catalina.startup.VersionLoggerListener.log Command line argument: --add-opens=java.base/java.io=ALL-UNNAMED
27-Feb-2024 15:42:57.567 INFO [main] org.apache.catalina.startup.VersionLoggerListener.log Command line argument: --add-opens=java.base/java.util=ALL-UNNAMED
27-Feb-2024 15:42:57.567 INFO [main] org.apache.catalina.startup.VersionLoggerListener.log Command line argument: --add-opens=java.base/java.util.concurrent=ALL-UNNAMED
27-Feb-2024 15:42:57.567 INFO [main] org.apache.catalina.startup.VersionLoggerListener.log Command line argument: --add-opens=java.rmi/sun.rmi.transport=ALL-UNNAMED
27-Feb-2024 15:42:57.567 INFO [main] org.apache.catalina.startup.VersionLoggerListener.log Command line argument: -Dcatalina.home=/home/admin1/Downloads/apache-tomcat-8.5.99
27-Feb-2024 15:42:57.567 INFO [main] org.apache.catalina.startup.VersionLoggerListener.log Command line argument: -Dcatalina.base=/home/admin1/IdeaProjects/Spring_MVC/Spring_Mvc_Java(Annotation)Based
27-Feb-2024 15:42:57.567 INFO [main] org.apache.catalina.startup.VersionLoggerListener.log Command line argument: -Djava.io.tmpdir=/home/admin1/IdeaProjects/Spring_MVC/Spring_Mvc_Java(Annotation)Based/temp
27-Feb-2024 15:42:57.567 INFO [main] org.apache.catalina.startup.VersionLoggerListener.log Command line argument: -Djava.util.logging.config.file=/home/admin1/IdeaProjects/Spring_MVC/Spring_Mvc_Java(Annotation)Based/conf/logging.properties
27-Feb-2024 15:42:57.568 INFO [main] org.apache.catalina.startup.VersionLoggerListener.log Command line argument: -Djava.util.logging.manager=org.apache.juli.ClassLoaderLogManager
27-Feb-2024 15:42:57.568 INFO [main] org.apache.catalina.startup.VersionLoggerListener.log Command line argument: -javaagent:/snap/intellij-idea-community/483/lib/idea_rt.jar=36255:/snap/intellij-idea-community/483/bin
27-Feb-2024 15:42:57.568 INFO [main] org.apache.catalina.startup.VersionLoggerListener.log Command line argument: -Dfile.encoding=UTF-8
27-Feb-2024 15:42:57.568 INFO [main] org.apache.catalina.core.AprLifecycleListener.lifecycleEvent The Apache Tomcat Native library which allows using OpenSSL was not found on the java.library.path: [/usr/java/packages/lib:/usr/lib/x86_64-linux-gnu/jni:/lib/x86_64-linux-gnu:/usr/lib/x86_64-linux-gnu:/usr/lib/jni:/lib:/usr/lib]
27-Feb-2024 15:42:57.662 INFO [main] org.apache.coyote.AbstractProtocol.init Initializing ProtocolHandler ["http-nio-8087"]
27-Feb-2024 15:42:57.691 INFO [main] org.apache.catalina.startup.Catalina.load Initialization processed in 827 ms
27-Feb-2024 15:42:57.782 INFO [main] org.apache.catalina.core.StandardService.startInternal Starting service [Catalina]
27-Feb-2024 15:42:57.782 INFO [main] org.apache.catalina.core.StandardEngine.startInternal Starting Servlet engine: [Apache Tomcat/8.5.99]
27-Feb-2024 15:42:57.809 INFO [localhost-startStop-1] org.apache.catalina.startup.HostConfig.deployDescriptor Deploying deployment descriptor [/home/admin1/IdeaProjects/Spring_MVC/Spring_Mvc_Java(Annotation)Based/conf/Catalina/localhost/spring-mvc-project.xml]
27-Feb-2024 15:42:59.083 INFO [localhost-startStop-1] org.apache.jasper.servlet.TldScanner.scanJars At least one JAR was scanned for TLDs yet contained no TLDs. Enable debug logging for this logger for a complete list of JARs that were scanned but no TLDs were found in them. Skipping unneeded JARs during scanning can improve startup time and JSP compilation time.
27-Feb-2024 15:42:59.258 INFO [localhost-startStop-1] org.springframework.web.servlet.FrameworkServlet.initServletBean FrameworkServlet 'MyDs': initialization started
27-Feb-2024 15:42:59.321 INFO [localhost-startStop-1] org.springframework.context.support.AbstractApplicationContext.prepareRefresh Refreshing WebApplicationContext for namespace 'MyDs-servlet': startup date [Tue Feb 27 15:42:59 IST 2024]; root of context hierarchy
27-Feb-2024 15:42:59.432 INFO [localhost-startStop-1] org.springframework.web.context.support.AnnotationConfigWebApplicationContext.loadBeanDefinitions Registering annotated classes: [class com.configuration.SpringMvcConfig]
27-Feb-2024 15:43:00.177 INFO [localhost-startStop-1] org.springframework.web.servlet.handler.AbstractHandlerMethodMapping$MappingRegistry.register Mapped "{[/]}" onto public java.lang.String com.firstExample.Controller.HomeController.home()
27-Feb-2024 15:43:00.179 INFO [localhost-startStop-1] org.springframework.web.servlet.handler.AbstractHandlerMethodMapping$MappingRegistry.register Mapped "{[/login]}" onto public java.lang.String com.firstExample.Controller.HomeController.login()
27-Feb-2024 15:43:00.180 INFO [localhost-startStop-1] org.springframework.web.servlet.handler.AbstractHandlerMethodMapping$MappingRegistry.register Mapped "{[/userDetails]}" onto public org.springframework.web.servlet.ModelAndView com.firstExample.Controller.UserController.userDetails(javax.servlet.http.HttpServletRequest)
27-Feb-2024 15:43:00.259 INFO [localhost-startStop-1] org.springframework.web.servlet.mvc.method.annotation.RequestMappingHandlerAdapter.initControllerAdviceCache Looking for @ControllerAdvice: WebApplicationContext for namespace 'MyDs-servlet': startup date [Tue Feb 27 15:42:59 IST 2024]; root of context hierarchy
27-Feb-2024 15:43:00.391 INFO [localhost-startStop-1] org.springframework.web.servlet.FrameworkServlet.initServletBean FrameworkServlet 'MyDs': initialization completed in 1132 ms
27-Feb-2024 15:43:00.407 INFO [localhost-startStop-1] org.apache.catalina.startup.HostConfig.deployDescriptor Deployment of deployment descriptor [/home/admin1/IdeaProjects/Spring_MVC/Spring_Mvc_Java(Annotation)Based/conf/Catalina/localhost/spring-mvc-project.xml] has finished in [2,597] ms
27-Feb-2024 15:43:00.411 INFO [main] org.apache.coyote.AbstractProtocol.start Starting ProtocolHandler ["http-nio-8087"]
27-Feb-2024 15:43:00.437 INFO [main] org.apache.catalina.startup.Catalina.start Server startup in 2745 ms
27-Feb-2024 15:43:45.153 INFO [Thread-1] org.apache.coyote.AbstractProtocol.pause Pausing ProtocolHandler ["http-nio-8087"]
27-Feb-2024 15:43:45.155 INFO [Thread-1] org.apache.catalina.core.StandardService.stopInternal Stopping service [Catalina]
27-Feb-2024 15:43:45.159 INFO [localhost-startStop-2] org.springframework.context.support.AbstractApplicationContext.doClose Closing WebApplicationContext for namespace 'MyDs-servlet': startup date [Tue Feb 27 15:42:59 IST 2024]; root of context hierarchy
27-Feb-2024 15:43:45.171 INFO [Thread-1] org.apache.coyote.AbstractProtocol.stop Stopping ProtocolHandler ["http-nio-8087"]
27-Feb-2024 15:43:45.178 INFO [Thread-1] org.apache.coyote.AbstractProtocol.destroy Destroying ProtocolHandler ["http-nio-8087"]
27-Feb-2024 15:43:47.922 INFO [main] org.apache.catalina.startup.VersionLoggerListener.log Server version name:   Apache Tomcat/8.5.99
27-Feb-2024 15:43:47.940 INFO [main] org.apache.catalina.startup.VersionLoggerListener.log Server built:          Feb 14 2024 22:52:13 UTC
27-Feb-2024 15:43:47.941 INFO [main] org.apache.catalina.startup.VersionLoggerListener.log Server version number: 8.5.99.0
27-Feb-2024 15:43:47.942 INFO [main] org.apache.catalina.startup.VersionLoggerListener.log OS Name:               Linux
27-Feb-2024 15:43:47.942 INFO [main] org.apache.catalina.startup.VersionLoggerListener.log OS Version:            5.15.0-92-generic
27-Feb-2024 15:43:47.942 INFO [main] org.apache.catalina.startup.VersionLoggerListener.log Architecture:          amd64
27-Feb-2024 15:43:47.942 INFO [main] org.apache.catalina.startup.VersionLoggerListener.log Java Home:             /usr/lib/jvm/java-11-openjdk-amd64
27-Feb-2024 15:43:47.960 INFO [main] org.apache.catalina.startup.VersionLoggerListener.log JVM Version:           11.0.21+9-post-Ubuntu-0ubuntu120.04
27-Feb-2024 15:43:47.961 INFO [main] org.apache.catalina.startup.VersionLoggerListener.log JVM Vendor:            Ubuntu
27-Feb-2024 15:43:47.961 INFO [main] org.apache.catalina.startup.VersionLoggerListener.log CATALINA_BASE:         /home/admin1/IdeaProjects/Spring_MVC/Spring_Mvc_Java(Annotation)Based
27-Feb-2024 15:43:47.961 INFO [main] org.apache.catalina.startup.VersionLoggerListener.log CATALINA_HOME:         /home/admin1/Downloads/apache-tomcat-8.5.99
27-Feb-2024 15:43:47.962 INFO [main] org.apache.catalina.startup.VersionLoggerListener.log Command line argument: --add-opens=java.base/java.lang=ALL-UNNAMED
27-Feb-2024 15:43:47.962 INFO [main] org.apache.catalina.startup.VersionLoggerListener.log Command line argument: --add-opens=java.base/java.io=ALL-UNNAMED
27-Feb-2024 15:43:47.962 INFO [main] org.apache.catalina.startup.VersionLoggerListener.log Command line argument: --add-opens=java.base/java.util=ALL-UNNAMED
27-Feb-2024 15:43:47.962 INFO [main] org.apache.catalina.startup.VersionLoggerListener.log Command line argument: --add-opens=java.base/java.util.concurrent=ALL-UNNAMED
27-Feb-2024 15:43:47.962 INFO [main] org.apache.catalina.startup.VersionLoggerListener.log Command line argument: --add-opens=java.rmi/sun.rmi.transport=ALL-UNNAMED
27-Feb-2024 15:43:47.962 INFO [main] org.apache.catalina.startup.VersionLoggerListener.log Command line argument: -Dcatalina.home=/home/admin1/Downloads/apache-tomcat-8.5.99
27-Feb-2024 15:43:47.963 INFO [main] org.apache.catalina.startup.VersionLoggerListener.log Command line argument: -Dcatalina.base=/home/admin1/IdeaProjects/Spring_MVC/Spring_Mvc_Java(Annotation)Based
27-Feb-2024 15:43:47.963 INFO [main] org.apache.catalina.startup.VersionLoggerListener.log Command line argument: -Djava.io.tmpdir=/home/admin1/IdeaProjects/Spring_MVC/Spring_Mvc_Java(Annotation)Based/temp
27-Feb-2024 15:43:47.963 INFO [main] org.apache.catalina.startup.VersionLoggerListener.log Command line argument: -Djava.util.logging.config.file=/home/admin1/IdeaProjects/Spring_MVC/Spring_Mvc_Java(Annotation)Based/conf/logging.properties
27-Feb-2024 15:43:47.964 INFO [main] org.apache.catalina.startup.VersionLoggerListener.log Command line argument: -Djava.util.logging.manager=org.apache.juli.ClassLoaderLogManager
27-Feb-2024 15:43:47.967 INFO [main] org.apache.catalina.startup.VersionLoggerListener.log Command line argument: -javaagent:/snap/intellij-idea-community/483/lib/idea_rt.jar=34787:/snap/intellij-idea-community/483/bin
27-Feb-2024 15:43:47.967 INFO [main] org.apache.catalina.startup.VersionLoggerListener.log Command line argument: -Dfile.encoding=UTF-8
27-Feb-2024 15:43:47.967 INFO [main] org.apache.catalina.core.AprLifecycleListener.lifecycleEvent The Apache Tomcat Native library which allows using OpenSSL was not found on the java.library.path: [/usr/java/packages/lib:/usr/lib/x86_64-linux-gnu/jni:/lib/x86_64-linux-gnu:/usr/lib/x86_64-linux-gnu:/usr/lib/jni:/lib:/usr/lib]
27-Feb-2024 15:43:48.017 INFO [main] org.apache.coyote.AbstractProtocol.init Initializing ProtocolHandler ["http-nio-8087"]
27-Feb-2024 15:43:48.050 INFO [main] org.apache.catalina.startup.Catalina.load Initialization processed in 792 ms
27-Feb-2024 15:43:48.148 INFO [main] org.apache.catalina.core.StandardService.startInternal Starting service [Catalina]
27-Feb-2024 15:43:48.149 INFO [main] org.apache.catalina.core.StandardEngine.startInternal Starting Servlet engine: [Apache Tomcat/8.5.99]
27-Feb-2024 15:43:48.192 INFO [localhost-startStop-1] org.apache.catalina.startup.HostConfig.deployDescriptor Deploying deployment descriptor [/home/admin1/IdeaProjects/Spring_MVC/Spring_Mvc_Java(Annotation)Based/conf/Catalina/localhost/spring-mvc-project.xml]
27-Feb-2024 15:43:49.280 INFO [localhost-startStop-1] org.apache.jasper.servlet.TldScanner.scanJars At least one JAR was scanned for TLDs yet contained no TLDs. Enable debug logging for this logger for a complete list of JARs that were scanned but no TLDs were found in them. Skipping unneeded JARs during scanning can improve startup time and JSP compilation time.
27-Feb-2024 15:43:49.391 INFO [localhost-startStop-1] org.springframework.web.servlet.FrameworkServlet.initServletBean FrameworkServlet 'MyDs': initialization started
27-Feb-2024 15:43:49.432 INFO [localhost-startStop-1] org.springframework.context.support.AbstractApplicationContext.prepareRefresh Refreshing WebApplicationContext for namespace 'MyDs-servlet': startup date [Tue Feb 27 15:43:49 IST 2024]; root of context hierarchy
27-Feb-2024 15:43:49.517 INFO [localhost-startStop-1] org.springframework.web.context.support.AnnotationConfigWebApplicationContext.loadBeanDefinitions Registering annotated classes: [class com.configuration.SpringMvcConfig]
27-Feb-2024 15:43:50.072 INFO [localhost-startStop-1] org.springframework.web.servlet.handler.AbstractHandlerMethodMapping$MappingRegistry.register Mapped "{[/]}" onto public java.lang.String com.firstExample.Controller.HomeController.home()
27-Feb-2024 15:43:50.074 INFO [localhost-startStop-1] org.springframework.web.servlet.handler.AbstractHandlerMethodMapping$MappingRegistry.register Mapped "{[/login]}" onto public java.lang.String com.firstExample.Controller.HomeController.login()
27-Feb-2024 15:43:50.075 INFO [localhost-startStop-1] org.springframework.web.servlet.handler.AbstractHandlerMethodMapping$MappingRegistry.register Mapped "{[/userDetails]}" onto public org.springframework.web.servlet.ModelAndView com.firstExample.Controller.UserController.userDetails(javax.servlet.http.HttpServletRequest)
27-Feb-2024 15:43:50.131 INFO [localhost-startStop-1] org.springframework.web.servlet.mvc.method.annotation.RequestMappingHandlerAdapter.initControllerAdviceCache Looking for @ControllerAdvice: WebApplicationContext for namespace 'MyDs-servlet': startup date [Tue Feb 27 15:43:49 IST 2024]; root of context hierarchy
27-Feb-2024 15:43:50.236 INFO [localhost-startStop-1] org.springframework.web.servlet.FrameworkServlet.initServletBean FrameworkServlet 'MyDs': initialization completed in 845 ms
27-Feb-2024 15:43:50.244 INFO [localhost-startStop-1] org.apache.catalina.startup.HostConfig.deployDescriptor Deployment of deployment descriptor [/home/admin1/IdeaProjects/Spring_MVC/Spring_Mvc_Java(Annotation)Based/conf/Catalina/localhost/spring-mvc-project.xml] has finished in [2,052] ms
27-Feb-2024 15:43:50.247 INFO [main] org.apache.coyote.AbstractProtocol.start Starting ProtocolHandler ["http-nio-8087"]
27-Feb-2024 15:43:50.259 INFO [main] org.apache.catalina.startup.Catalina.start Server startup in 2209 ms
27-Feb-2024 15:44:08.988 INFO [Thread-1] org.apache.coyote.AbstractProtocol.pause Pausing ProtocolHandler ["http-nio-8087"]
27-Feb-2024 15:44:08.990 INFO [Thread-1] org.apache.catalina.core.StandardService.stopInternal Stopping service [Catalina]
27-Feb-2024 15:44:08.995 INFO [localhost-startStop-2] org.springframework.context.support.AbstractApplicationContext.doClose Closing WebApplicationContext for namespace 'MyDs-servlet': startup date [Tue Feb 27 15:43:49 IST 2024]; root of context hierarchy
27-Feb-2024 15:44:09.005 INFO [Thread-1] org.apache.coyote.AbstractProtocol.stop Stopping ProtocolHandler ["http-nio-8087"]
27-Feb-2024 15:44:09.014 INFO [Thread-1] org.apache.coyote.AbstractProtocol.destroy Destroying ProtocolHandler ["http-nio-8087"]
27-Feb-2024 15:44:12.037 INFO [main] org.apache.catalina.startup.VersionLoggerListener.log Server version name:   Apache Tomcat/8.5.99
27-Feb-2024 15:44:12.041 INFO [main] org.apache.catalina.startup.VersionLoggerListener.log Server built:          Feb 14 2024 22:52:13 UTC
27-Feb-2024 15:44:12.042 INFO [main] org.apache.catalina.startup.VersionLoggerListener.log Server version number: 8.5.99.0
27-Feb-2024 15:44:12.042 INFO [main] org.apache.catalina.startup.VersionLoggerListener.log OS Name:               Linux
27-Feb-2024 15:44:12.042 INFO [main] org.apache.catalina.startup.VersionLoggerListener.log OS Version:            5.15.0-92-generic
27-Feb-2024 15:44:12.042 INFO [main] org.apache.catalina.startup.VersionLoggerListener.log Architecture:          amd64
27-Feb-2024 15:44:12.043 INFO [main] org.apache.catalina.startup.VersionLoggerListener.log Java Home:             /usr/lib/jvm/java-11-openjdk-amd64
27-Feb-2024 15:44:12.043 INFO [main] org.apache.catalina.startup.VersionLoggerListener.log JVM Version:           11.0.21+9-post-Ubuntu-0ubuntu120.04
27-Feb-2024 15:44:12.043 INFO [main] org.apache.catalina.startup.VersionLoggerListener.log JVM Vendor:            Ubuntu
27-Feb-2024 15:44:12.043 INFO [main] org.apache.catalina.startup.VersionLoggerListener.log CATALINA_BASE:         /home/admin1/IdeaProjects/Spring_MVC/Spring_Mvc_Java(Annotation)Based
27-Feb-2024 15:44:12.043 INFO [main] org.apache.catalina.startup.VersionLoggerListener.log CATALINA_HOME:         /home/admin1/Downloads/apache-tomcat-8.5.99
27-Feb-2024 15:44:12.048 INFO [main] org.apache.catalina.startup.VersionLoggerListener.log Command line argument: --add-opens=java.base/java.lang=ALL-UNNAMED
27-Feb-2024 15:44:12.074 INFO [main] org.apache.catalina.startup.VersionLoggerListener.log Command line argument: --add-opens=java.base/java.io=ALL-UNNAMED
27-Feb-2024 15:44:12.075 INFO [main] org.apache.catalina.startup.VersionLoggerListener.log Command line argument: --add-opens=java.base/java.util=ALL-UNNAMED
27-Feb-2024 15:44:12.075 INFO [main] org.apache.catalina.startup.VersionLoggerListener.log Command line argument: --add-opens=java.base/java.util.concurrent=ALL-UNNAMED
27-Feb-2024 15:44:12.075 INFO [main] org.apache.catalina.startup.VersionLoggerListener.log Command line argument: --add-opens=java.rmi/sun.rmi.transport=ALL-UNNAMED
27-Feb-2024 15:44:12.075 INFO [main] org.apache.catalina.startup.VersionLoggerListener.log Command line argument: -Dcatalina.home=/home/admin1/Downloads/apache-tomcat-8.5.99
27-Feb-2024 15:44:12.075 INFO [main] org.apache.catalina.startup.VersionLoggerListener.log Command line argument: -Dcatalina.base=/home/admin1/IdeaProjects/Spring_MVC/Spring_Mvc_Java(Annotation)Based
27-Feb-2024 15:44:12.075 INFO [main] org.apache.catalina.startup.VersionLoggerListener.log Command line argument: -Djava.io.tmpdir=/home/admin1/IdeaProjects/Spring_MVC/Spring_Mvc_Java(Annotation)Based/temp
27-Feb-2024 15:44:12.075 INFO [main] org.apache.catalina.startup.VersionLoggerListener.log Command line argument: -Djava.util.logging.config.file=/home/admin1/IdeaProjects/Spring_MVC/Spring_Mvc_Java(Annotation)Based/conf/logging.properties
27-Feb-2024 15:44:12.076 INFO [main] org.apache.catalina.startup.VersionLoggerListener.log Command line argument: -Djava.util.logging.manager=org.apache.juli.ClassLoaderLogManager
27-Feb-2024 15:44:12.076 INFO [main] org.apache.catalina.startup.VersionLoggerListener.log Command line argument: -javaagent:/snap/intellij-idea-community/483/lib/idea_rt.jar=33203:/snap/intellij-idea-community/483/bin
27-Feb-2024 15:44:12.076 INFO [main] org.apache.catalina.startup.VersionLoggerListener.log Command line argument: -Dfile.encoding=UTF-8
27-Feb-2024 15:44:12.076 INFO [main] org.apache.catalina.core.AprLifecycleListener.lifecycleEvent The Apache Tomcat Native library which allows using OpenSSL was not found on the java.library.path: [/usr/java/packages/lib:/usr/lib/x86_64-linux-gnu/jni:/lib/x86_64-linux-gnu:/usr/lib/x86_64-linux-gnu:/usr/lib/jni:/lib:/usr/lib]
27-Feb-2024 15:44:12.126 INFO [main] org.apache.coyote.AbstractProtocol.init Initializing ProtocolHandler ["http-nio-8087"]
27-Feb-2024 15:44:12.151 INFO [main] org.apache.catalina.startup.Catalina.load Initialization processed in 773 ms
27-Feb-2024 15:44:12.241 INFO [main] org.apache.catalina.core.StandardService.startInternal Starting service [Catalina]
27-Feb-2024 15:44:12.241 INFO [main] org.apache.catalina.core.StandardEngine.startInternal Starting Servlet engine: [Apache Tomcat/8.5.99]
27-Feb-2024 15:44:12.276 INFO [localhost-startStop-1] org.apache.catalina.startup.HostConfig.deployDescriptor Deploying deployment descriptor [/home/admin1/IdeaProjects/Spring_MVC/Spring_Mvc_Java(Annotation)Based/conf/Catalina/localhost/spring-mvc-project.xml]
27-Feb-2024 15:44:13.359 INFO [localhost-startStop-1] org.apache.jasper.servlet.TldScanner.scanJars At least one JAR was scanned for TLDs yet contained no TLDs. Enable debug logging for this logger for a complete list of JARs that were scanned but no TLDs were found in them. Skipping unneeded JARs during scanning can improve startup time and JSP compilation time.
27-Feb-2024 15:44:13.468 INFO [localhost-startStop-1] org.springframework.web.servlet.FrameworkServlet.initServletBean FrameworkServlet 'MyDs': initialization started
27-Feb-2024 15:44:13.503 INFO [localhost-startStop-1] org.springframework.context.support.AbstractApplicationContext.prepareRefresh Refreshing WebApplicationContext for namespace 'MyDs-servlet': startup date [Tue Feb 27 15:44:13 IST 2024]; root of context hierarchy
27-Feb-2024 15:44:13.583 INFO [localhost-startStop-1] org.springframework.web.context.support.AnnotationConfigWebApplicationContext.loadBeanDefinitions Registering annotated classes: [class com.configuration.SpringMvcConfig]
27-Feb-2024 15:44:14.147 INFO [localhost-startStop-1] org.springframework.web.servlet.handler.AbstractHandlerMethodMapping$MappingRegistry.register Mapped "{[/]}" onto public java.lang.String com.firstExample.Controller.HomeController.home()
27-Feb-2024 15:44:14.148 INFO [localhost-startStop-1] org.springframework.web.servlet.handler.AbstractHandlerMethodMapping$MappingRegistry.register Mapped "{[/login]}" onto public java.lang.String com.firstExample.Controller.HomeController.login()
27-Feb-2024 15:44:14.149 INFO [localhost-startStop-1] org.springframework.web.servlet.handler.AbstractHandlerMethodMapping$MappingRegistry.register Mapped "{[/userDetails]}" onto public org.springframework.web.servlet.ModelAndView com.firstExample.Controller.UserController.userDetails(javax.servlet.http.HttpServletRequest)
27-Feb-2024 15:44:14.213 INFO [localhost-startStop-1] org.springframework.web.servlet.mvc.method.annotation.RequestMappingHandlerAdapter.initControllerAdviceCache Looking for @ControllerAdvice: WebApplicationContext for namespace 'MyDs-servlet': startup date [Tue Feb 27 15:44:13 IST 2024]; root of context hierarchy
27-Feb-2024 15:44:14.314 INFO [localhost-startStop-1] org.springframework.web.servlet.FrameworkServlet.initServletBean FrameworkServlet 'MyDs': initialization completed in 846 ms
27-Feb-2024 15:44:14.323 INFO [localhost-startStop-1] org.apache.catalina.startup.HostConfig.deployDescriptor Deployment of deployment descriptor [/home/admin1/IdeaProjects/Spring_MVC/Spring_Mvc_Java(Annotation)Based/conf/Catalina/localhost/spring-mvc-project.xml] has finished in [2,046] ms
27-Feb-2024 15:44:14.326 INFO [main] org.apache.coyote.AbstractProtocol.start Starting ProtocolHandler ["http-nio-8087"]
27-Feb-2024 15:44:14.339 INFO [main] org.apache.catalina.startup.Catalina.start Server startup in 2187 ms
27-Feb-2024 16:24:42.190 WARNING [http-nio-8087-exec-7] org.springframework.web.servlet.DispatcherServlet.noHandlerFound No mapping found for HTTP request with URI [/spring-mvc-project/styles.css] in DispatcherServlet with name 'MyDs'
27-Feb-2024 16:26:08.861 INFO [Thread-1] org.apache.coyote.AbstractProtocol.pause Pausing ProtocolHandler ["http-nio-8087"]
27-Feb-2024 16:26:08.862 INFO [Thread-1] org.apache.catalina.core.StandardService.stopInternal Stopping service [Catalina]
27-Feb-2024 16:26:08.866 INFO [localhost-startStop-2] org.springframework.context.support.AbstractApplicationContext.doClose Closing WebApplicationContext for namespace 'MyDs-servlet': startup date [Tue Feb 27 15:44:13 IST 2024]; root of context hierarchy
27-Feb-2024 16:26:08.887 INFO [Thread-1] org.apache.coyote.AbstractProtocol.stop Stopping ProtocolHandler ["http-nio-8087"]
27-Feb-2024 16:26:08.897 INFO [Thread-1] org.apache.coyote.AbstractProtocol.destroy Destroying ProtocolHandler ["http-nio-8087"]
27-Feb-2024 16:26:12.423 INFO [main] org.apache.catalina.startup.VersionLoggerListener.log Server version name:   Apache Tomcat/8.5.99
27-Feb-2024 16:26:12.452 INFO [main] org.apache.catalina.startup.VersionLoggerListener.log Server built:          Feb 14 2024 22:52:13 UTC
27-Feb-2024 16:26:12.452 INFO [main] org.apache.catalina.startup.VersionLoggerListener.log Server version number: 8.5.99.0
27-Feb-2024 16:26:12.453 INFO [main] org.apache.catalina.startup.VersionLoggerListener.log OS Name:               Linux
27-Feb-2024 16:26:12.455 INFO [main] org.apache.catalina.startup.VersionLoggerListener.log OS Version:            5.15.0-92-generic
27-Feb-2024 16:26:12.456 INFO [main] org.apache.catalina.startup.VersionLoggerListener.log Architecture:          amd64
27-Feb-2024 16:26:12.456 INFO [main] org.apache.catalina.startup.VersionLoggerListener.log Java Home:             /usr/lib/jvm/java-11-openjdk-amd64
27-Feb-2024 16:26:12.456 INFO [main] org.apache.catalina.startup.VersionLoggerListener.log JVM Version:           11.0.21+9-post-Ubuntu-0ubuntu120.04
27-Feb-2024 16:26:12.456 INFO [main] org.apache.catalina.startup.VersionLoggerListener.log JVM Vendor:            Ubuntu
27-Feb-2024 16:26:12.456 INFO [main] org.apache.catalina.startup.VersionLoggerListener.log CATALINA_BASE:         /home/admin1/IdeaProjects/Spring_MVC/Spring_Mvc_Java(Annotation)Based
27-Feb-2024 16:26:12.457 INFO [main] org.apache.catalina.startup.VersionLoggerListener.log CATALINA_HOME:         /home/admin1/Downloads/apache-tomcat-8.5.99
27-Feb-2024 16:26:12.466 INFO [main] org.apache.catalina.startup.VersionLoggerListener.log Command line argument: --add-opens=java.base/java.lang=ALL-UNNAMED
27-Feb-2024 16:26:12.467 INFO [main] org.apache.catalina.startup.VersionLoggerListener.log Command line argument: --add-opens=java.base/java.io=ALL-UNNAMED
27-Feb-2024 16:26:12.467 INFO [main] org.apache.catalina.startup.VersionLoggerListener.log Command line argument: --add-opens=java.base/java.util=ALL-UNNAMED
27-Feb-2024 16:26:12.467 INFO [main] org.apache.catalina.startup.VersionLoggerListener.log Command line argument: --add-opens=java.base/java.util.concurrent=ALL-UNNAMED
27-Feb-2024 16:26:12.467 INFO [main] org.apache.catalina.startup.VersionLoggerListener.log Command line argument: --add-opens=java.rmi/sun.rmi.transport=ALL-UNNAMED
27-Feb-2024 16:26:12.467 INFO [main] org.apache.catalina.startup.VersionLoggerListener.log Command line argument: -Dcatalina.home=/home/admin1/Downloads/apache-tomcat-8.5.99
27-Feb-2024 16:26:12.468 INFO [main] org.apache.catalina.startup.VersionLoggerListener.log Command line argument: -Dcatalina.base=/home/admin1/IdeaProjects/Spring_MVC/Spring_Mvc_Java(Annotation)Based
27-Feb-2024 16:26:12.468 INFO [main] org.apache.catalina.startup.VersionLoggerListener.log Command line argument: -Djava.io.tmpdir=/home/admin1/IdeaProjects/Spring_MVC/Spring_Mvc_Java(Annotation)Based/temp
27-Feb-2024 16:26:12.468 INFO [main] org.apache.catalina.startup.VersionLoggerListener.log Command line argument: -Djava.util.logging.config.file=/home/admin1/IdeaProjects/Spring_MVC/Spring_Mvc_Java(Annotation)Based/conf/logging.properties
27-Feb-2024 16:26:12.468 INFO [main] org.apache.catalina.startup.VersionLoggerListener.log Command line argument: -Djava.util.logging.manager=org.apache.juli.ClassLoaderLogManager
27-Feb-2024 16:26:12.468 INFO [main] org.apache.catalina.startup.VersionLoggerListener.log Command line argument: -javaagent:/snap/intellij-idea-community/483/lib/idea_rt.jar=35561:/snap/intellij-idea-community/483/bin
27-Feb-2024 16:26:12.468 INFO [main] org.apache.catalina.startup.VersionLoggerListener.log Command line argument: -Dfile.encoding=UTF-8
27-Feb-2024 16:26:12.469 INFO [main] org.apache.catalina.core.AprLifecycleListener.lifecycleEvent The Apache Tomcat Native library which allows using OpenSSL was not found on the java.library.path: [/usr/java/packages/lib:/usr/lib/x86_64-linux-gnu/jni:/lib/x86_64-linux-gnu:/usr/lib/x86_64-linux-gnu:/usr/lib/jni:/lib:/usr/lib]
27-Feb-2024 16:26:12.537 INFO [main] org.apache.coyote.AbstractProtocol.init Initializing ProtocolHandler ["http-nio-8087"]
27-Feb-2024 16:26:12.574 INFO [main] org.apache.catalina.startup.Catalina.load Initialization processed in 863 ms
27-Feb-2024 16:26:12.678 INFO [main] org.apache.catalina.core.StandardService.startInternal Starting service [Catalina]
27-Feb-2024 16:26:12.678 INFO [main] org.apache.catalina.core.StandardEngine.startInternal Starting Servlet engine: [Apache Tomcat/8.5.99]
27-Feb-2024 16:26:12.701 INFO [localhost-startStop-1] org.apache.catalina.startup.HostConfig.deployDescriptor Deploying deployment descriptor [/home/admin1/IdeaProjects/Spring_MVC/Spring_Mvc_Java(Annotation)Based/conf/Catalina/localhost/spring-mvc-project.xml]
27-Feb-2024 16:26:13.820 INFO [localhost-startStop-1] org.apache.jasper.servlet.TldScanner.scanJars At least one JAR was scanned for TLDs yet contained no TLDs. Enable debug logging for this logger for a complete list of JARs that were scanned but no TLDs were found in them. Skipping unneeded JARs during scanning can improve startup time and JSP compilation time.
27-Feb-2024 16:26:13.936 INFO [localhost-startStop-1] org.springframework.web.servlet.FrameworkServlet.initServletBean FrameworkServlet 'MyDs': initialization started
27-Feb-2024 16:26:13.972 INFO [localhost-startStop-1] org.springframework.context.support.AbstractApplicationContext.prepareRefresh Refreshing WebApplicationContext for namespace 'MyDs-servlet': startup date [Tue Feb 27 16:26:13 IST 2024]; root of context hierarchy
27-Feb-2024 16:26:14.060 INFO [localhost-startStop-1] org.springframework.web.context.support.AnnotationConfigWebApplicationContext.loadBeanDefinitions Registering annotated classes: [class com.configuration.SpringMvcConfig]
27-Feb-2024 16:26:14.536 INFO [localhost-startStop-1] org.springframework.web.servlet.handler.AbstractHandlerMethodMapping$MappingRegistry.register Mapped "{[/]}" onto public java.lang.String com.firstExample.Controller.HomeController.home()
27-Feb-2024 16:26:14.537 INFO [localhost-startStop-1] org.springframework.web.servlet.handler.AbstractHandlerMethodMapping$MappingRegistry.register Mapped "{[/login]}" onto public java.lang.String com.firstExample.Controller.HomeController.login()
27-Feb-2024 16:26:14.538 INFO [localhost-startStop-1] org.springframework.web.servlet.handler.AbstractHandlerMethodMapping$MappingRegistry.register Mapped "{[/userDetails]}" onto public org.springframework.web.servlet.ModelAndView com.firstExample.Controller.UserController.userDetails(javax.servlet.http.HttpServletRequest)
27-Feb-2024 16:26:14.594 INFO [localhost-startStop-1] org.springframework.web.servlet.mvc.method.annotation.RequestMappingHandlerAdapter.initControllerAdviceCache Looking for @ControllerAdvice: WebApplicationContext for namespace 'MyDs-servlet': startup date [Tue Feb 27 16:26:13 IST 2024]; root of context hierarchy
27-Feb-2024 16:26:14.681 INFO [localhost-startStop-1] org.springframework.web.servlet.FrameworkServlet.initServletBean FrameworkServlet 'MyDs': initialization completed in 745 ms
27-Feb-2024 16:26:14.689 INFO [localhost-startStop-1] org.apache.catalina.startup.HostConfig.deployDescriptor Deployment of deployment descriptor [/home/admin1/IdeaProjects/Spring_MVC/Spring_Mvc_Java(Annotation)Based/conf/Catalina/localhost/spring-mvc-project.xml] has finished in [1,987] ms
27-Feb-2024 16:26:14.692 INFO [main] org.apache.coyote.AbstractProtocol.start Starting ProtocolHandler ["http-nio-8087"]
27-Feb-2024 16:26:14.703 INFO [main] org.apache.catalina.startup.Catalina.start Server startup in 2128 ms
27-Feb-2024 18:44:34.495 INFO [Thread-1] org.apache.coyote.AbstractProtocol.pause Pausing ProtocolHandler ["http-nio-8087"]
27-Feb-2024 18:44:34.497 INFO [Thread-1] org.apache.catalina.core.StandardService.stopInternal Stopping service [Catalina]
27-Feb-2024 18:44:34.501 INFO [localhost-startStop-2] org.springframework.context.support.AbstractApplicationContext.doClose Closing WebApplicationContext for namespace 'MyDs-servlet': startup date [Tue Feb 27 16:26:13 IST 2024]; root of context hierarchy
27-Feb-2024 18:44:34.515 INFO [Thread-1] org.apache.coyote.AbstractProtocol.stop Stopping ProtocolHandler ["http-nio-8087"]
27-Feb-2024 18:44:34.521 INFO [Thread-1] org.apache.coyote.AbstractProtocol.destroy Destroying ProtocolHandler ["http-nio-8087"]
